{
  "message": "Hello from Linux server",
  "timestamp": "2025-11-26T17:01:04.041Z",
  "random": 18
}
{
  "message": "Hello from Linux server",
  "timestamp": "2025-11-26T17:01:10.674Z",
  "random": 99
}
{
  "message": "Hello from Linux server",
  "timestamp": "2025-11-26T17:01:13.123Z",
  "random": 29
}
{
  "message": "Hello from Linux server",
  "timestamp": "2025-11-26T17:01:14.675Z",
  "random": 95
}
{
  "message": "Hello from Linux server",
  "timestamp": "2025-11-26T17:01:15.447Z",
  "random": 60
}
